{
  "stats": {
    "suites": 1,
    "tests": 1,
    "passes": 1,
    "pending": 0,
    "failures": 0,
    "start": "2025-02-02T13:45:55.987Z",
    "end": "2025-02-02T13:46:08.950Z",
    "duration": 12963,
    "testsRegistered": 1,
    "passPercent": 100,
    "pendingPercent": 0,
    "other": 0,
    "hasOther": false,
    "skipped": 0,
    "hasSkipped": false
  },
  "results": [
    {
      "uuid": "76778eb9-6a8e-4d2c-8732-f82d0adf462d",
      "title": "",
      "fullFile": "cypress\\e2e\\postCommentTest.cy.js",
      "file": "cypress\\e2e\\postCommentTest.cy.js",
      "beforeHooks": [],
      "afterHooks": [],
      "tests": [],
      "suites": [
        {
          "uuid": "5a8b537b-3580-47e9-a986-a8f18d00c6f7",
          "title": "Post Comment Tests",
          "fullFile": "",
          "file": "",
          "beforeHooks": [],
          "afterHooks": [],
          "tests": [
            {
              "title": "should visit the comment page",
              "fullTitle": "Post Comment Tests should visit the comment page",
              "timedOut": null,
              "duration": 12453,
              "state": "passed",
              "speed": "slow",
              "pass": true,
              "fail": false,
              "pending": false,
              "context": null,
              "code": "_CommentPage.default.visit();\ncy.fixture(\"testData\", data => {\n  _CommentPage.default.comment(data.comment);\n  _CommentPage.default.verifyCommentInList(data.comment);\n});",
              "err": {},
              "uuid": "88a7ec8a-d821-4ae9-b028-6c78ce79892f",
              "parentUUID": "5a8b537b-3580-47e9-a986-a8f18d00c6f7",
              "isHook": false,
              "skipped": false
            }
          ],
          "suites": [],
          "passes": [
            "88a7ec8a-d821-4ae9-b028-6c78ce79892f"
          ],
          "failures": [],
          "pending": [],
          "skipped": [],
          "duration": 12453,
          "root": false,
          "rootEmpty": false,
          "_timeout": 2000
        }
      ],
      "passes": [],
      "failures": [],
      "pending": [],
      "skipped": [],
      "duration": 0,
      "root": true,
      "rootEmpty": true,
      "_timeout": 2000
    }
  ],
  "meta": {
    "mocha": {
      "version": "7.0.1"
    },
    "mochawesome": {
      "options": {
        "quiet": false,
        "reportFilename": "mochawesome",
        "saveHtml": true,
        "saveJson": true,
        "consoleReporter": "spec",
        "useInlineDiffs": false,
        "code": true
      },
      "version": "7.1.3"
    },
    "marge": {
      "options": {
        "reportDir": "cypress/reports",
        "overwrite": false,
        "html": true,
        "json": true,
        "timestamp": "mmddyyyy_HHMMss",
        "embeddedScreenshots": true,
        "setupNodeEvents": "[Function setupNodeEvents]",
        "defaultCommandTimeout": 15000,
        "requestTimeout": 30000,
        "pageLoadTimeout": 6000000000,
        "screenshotOnRunFailure": true,
        "retries": 2
      },
      "version": "6.2.0"
    }
  }
}