{
  "stats": {
    "suites": 1,
    "tests": 3,
    "passes": 3,
    "pending": 0,
    "failures": 0,
    "start": "2025-02-02T13:43:56.210Z",
    "end": "2025-02-02T13:44:19.890Z",
    "duration": 23680,
    "testsRegistered": 3,
    "passPercent": 100,
    "pendingPercent": 0,
    "other": 0,
    "hasOther": false,
    "skipped": 0,
    "hasSkipped": false
  },
  "results": [
    {
      "uuid": "4ad3039a-7261-4e72-abf2-9f817aae0f40",
      "title": "",
      "fullFile": "cypress\\e2e\\loginTest.cy.js",
      "file": "cypress\\e2e\\loginTest.cy.js",
      "beforeHooks": [],
      "afterHooks": [],
      "tests": [],
      "suites": [
        {
          "uuid": "ef2637e2-8fff-48fb-8a0c-6d82a5044675",
          "title": "Login Page Tests",
          "fullFile": "",
          "file": "",
          "beforeHooks": [],
          "afterHooks": [],
          "tests": [
            {
              "title": "should log in with valid credentials",
              "fullTitle": "Login Page Tests should log in with valid credentials",
              "timedOut": null,
              "duration": 15436,
              "state": "passed",
              "speed": "slow",
              "pass": true,
              "fail": false,
              "pending": false,
              "context": null,
              "code": "cy.fixture(\"testData\").then(data => {\n  loginPage.login(data.validUser.username, data.validUser.password);\n  cy.url().should(\"include\", \"/home\");\n});",
              "err": {},
              "uuid": "51aade0c-4e37-4c6c-9c76-97fa5f5d69c5",
              "parentUUID": "ef2637e2-8fff-48fb-8a0c-6d82a5044675",
              "isHook": false,
              "skipped": false
            },
            {
              "title": "should show an error for invalid usename and password",
              "fullTitle": "Login Page Tests should show an error for invalid usename and password",
              "timedOut": null,
              "duration": 2857,
              "state": "passed",
              "speed": "fast",
              "pass": true,
              "fail": false,
              "pending": false,
              "context": null,
              "code": "cy.fixture(\"testData\").then(data => {\n  loginPage.login(data.invalidusenamepassword.username, data.invalidusenamepassword.password);\n  loginPage.verifyErrorMessage(\"We couldn't log you in. Please check your username or password and try again.\");\n  cy.url().should(\"include\", \"/login?error=1\");\n});",
              "err": {},
              "uuid": "83916a25-3216-4d84-8452-ebbdf65ef50c",
              "parentUUID": "ef2637e2-8fff-48fb-8a0c-6d82a5044675",
              "isHook": false,
              "skipped": false
            },
            {
              "title": "should show an error page when epmty password and usename",
              "fullTitle": "Login Page Tests should show an error page when epmty password and usename",
              "timedOut": null,
              "duration": 4298,
              "state": "passed",
              "speed": "fast",
              "pass": true,
              "fail": false,
              "pending": false,
              "context": null,
              "code": "loginPage.loginEmpty();\nloginPage.verifyErrorMessage(\"Invalid username or password!\");\ncy.url().should(\"include\", \"\");",
              "err": {},
              "uuid": "bdf1d529-6917-4d4e-a977-63d3fe42a433",
              "parentUUID": "ef2637e2-8fff-48fb-8a0c-6d82a5044675",
              "isHook": false,
              "skipped": false
            }
          ],
          "suites": [],
          "passes": [
            "51aade0c-4e37-4c6c-9c76-97fa5f5d69c5",
            "83916a25-3216-4d84-8452-ebbdf65ef50c",
            "bdf1d529-6917-4d4e-a977-63d3fe42a433"
          ],
          "failures": [],
          "pending": [],
          "skipped": [],
          "duration": 22591,
          "root": false,
          "rootEmpty": false,
          "_timeout": 2000
        }
      ],
      "passes": [],
      "failures": [],
      "pending": [],
      "skipped": [],
      "duration": 0,
      "root": true,
      "rootEmpty": true,
      "_timeout": 2000
    }
  ],
  "meta": {
    "mocha": {
      "version": "7.0.1"
    },
    "mochawesome": {
      "options": {
        "quiet": false,
        "reportFilename": "mochawesome",
        "saveHtml": true,
        "saveJson": true,
        "consoleReporter": "spec",
        "useInlineDiffs": false,
        "code": true
      },
      "version": "7.1.3"
    },
    "marge": {
      "options": {
        "reportDir": "cypress/reports",
        "overwrite": false,
        "html": true,
        "json": true,
        "timestamp": "mmddyyyy_HHMMss",
        "embeddedScreenshots": true,
        "setupNodeEvents": "[Function setupNodeEvents]",
        "defaultCommandTimeout": 15000,
        "requestTimeout": 30000,
        "pageLoadTimeout": 6000000000,
        "screenshotOnRunFailure": true,
        "retries": 2
      },
      "version": "6.2.0"
    }
  }
}