{
  "stats": {
    "suites": 1,
    "tests": 1,
    "passes": 1,
    "pending": 0,
    "failures": 0,
    "start": "2025-02-02T13:33:44.946Z",
    "end": "2025-02-02T13:33:49.450Z",
    "duration": 4504,
    "testsRegistered": 1,
    "passPercent": 100,
    "pendingPercent": 0,
    "other": 0,
    "hasOther": false,
    "skipped": 0,
    "hasSkipped": false
  },
  "results": [
    {
      "uuid": "4b5ea3d7-b75d-4ce0-a9b1-c8975c48cedc",
      "title": "",
      "fullFile": "cypress\\e2e\\postCommentTest.cy.js",
      "file": "cypress\\e2e\\postCommentTest.cy.js",
      "beforeHooks": [],
      "afterHooks": [],
      "tests": [],
      "suites": [
        {
          "uuid": "3e98d823-df07-411e-950f-56cd5c650f60",
          "title": "Post Comment Tests",
          "fullFile": "",
          "file": "",
          "beforeHooks": [],
          "afterHooks": [],
          "tests": [
            {
              "title": "should visit the comment page",
              "fullTitle": "Post Comment Tests should visit the comment page",
              "timedOut": null,
              "duration": 4427,
              "state": "passed",
              "speed": "fast",
              "pass": true,
              "fail": false,
              "pending": false,
              "context": null,
              "code": "_CommentPage.default.visit();\ncy.fixture(\"testData\", data => {\n  _CommentPage.default.comment(data.comment);\n  _CommentPage.default.verifyCommentInList(data.comment);\n});",
              "err": {},
              "uuid": "537eacf5-495b-41fd-b2ae-02b977ff37a4",
              "parentUUID": "3e98d823-df07-411e-950f-56cd5c650f60",
              "isHook": false,
              "skipped": false
            }
          ],
          "suites": [],
          "passes": [
            "537eacf5-495b-41fd-b2ae-02b977ff37a4"
          ],
          "failures": [],
          "pending": [],
          "skipped": [],
          "duration": 4427,
          "root": false,
          "rootEmpty": false,
          "_timeout": 2000
        }
      ],
      "passes": [],
      "failures": [],
      "pending": [],
      "skipped": [],
      "duration": 0,
      "root": true,
      "rootEmpty": true,
      "_timeout": 2000
    }
  ],
  "meta": {
    "mocha": {
      "version": "7.0.1"
    },
    "mochawesome": {
      "options": {
        "quiet": false,
        "reportFilename": "mochawesome",
        "saveHtml": true,
        "saveJson": true,
        "consoleReporter": "spec",
        "useInlineDiffs": false,
        "code": true
      },
      "version": "7.1.3"
    },
    "marge": {
      "options": {
        "reportDir": "cypress/reports",
        "overwrite": false,
        "html": true,
        "json": true,
        "timestamp": "mmddyyyy_HHMMss",
        "embeddedScreenshots": true,
        "setupNodeEvents": "[Function setupNodeEvents]",
        "defaultCommandTimeout": 20000,
        "requestTimeout": 30000,
        "pageLoadTimeout": 60000
      },
      "version": "6.2.0"
    }
  }
}