{
  "stats": {
    "suites": 1,
    "tests": 3,
    "passes": 3,
    "pending": 0,
    "failures": 0,
    "start": "2025-02-02T13:33:24.454Z",
    "end": "2025-02-02T13:33:39.920Z",
    "duration": 15466,
    "testsRegistered": 3,
    "passPercent": 100,
    "pendingPercent": 0,
    "other": 0,
    "hasOther": false,
    "skipped": 0,
    "hasSkipped": false
  },
  "results": [
    {
      "uuid": "ba38ad36-bc5d-472c-b0b8-6cdd4ebf9bb4",
      "title": "",
      "fullFile": "cypress\\e2e\\loginTest.cy.js",
      "file": "cypress\\e2e\\loginTest.cy.js",
      "beforeHooks": [],
      "afterHooks": [],
      "tests": [],
      "suites": [
        {
          "uuid": "b6de40bf-73b8-40bb-ad80-7f54da662f6f",
          "title": "Login Page Tests",
          "fullFile": "",
          "file": "",
          "beforeHooks": [],
          "afterHooks": [],
          "tests": [
            {
              "title": "should log in with valid credentials",
              "fullTitle": "Login Page Tests should log in with valid credentials",
              "timedOut": null,
              "duration": 9563,
              "state": "passed",
              "speed": "medium",
              "pass": true,
              "fail": false,
              "pending": false,
              "context": null,
              "code": "cy.fixture(\"testData\").then(data => {\n  loginPage.login(data.validUser.username, data.validUser.password);\n  cy.url().should(\"include\", \"/home\");\n});",
              "err": {},
              "uuid": "4fd38902-29f8-4c73-bfbf-dc2ccab0447a",
              "parentUUID": "b6de40bf-73b8-40bb-ad80-7f54da662f6f",
              "isHook": false,
              "skipped": false
            },
            {
              "title": "should show an error for invalid usename and password",
              "fullTitle": "Login Page Tests should show an error for invalid usename and password",
              "timedOut": null,
              "duration": 2708,
              "state": "passed",
              "speed": "fast",
              "pass": true,
              "fail": false,
              "pending": false,
              "context": null,
              "code": "cy.fixture(\"testData\").then(data => {\n  loginPage.login(data.invalidusenamepassword.username, data.invalidusenamepassword.password);\n  loginPage.verifyErrorMessage(\"We couldn't log you in. Please check your username or password and try again.\");\n  cy.url().should(\"include\", \"/login?error=1\");\n});",
              "err": {},
              "uuid": "14996bc0-8992-4840-8117-688668be2788",
              "parentUUID": "b6de40bf-73b8-40bb-ad80-7f54da662f6f",
              "isHook": false,
              "skipped": false
            },
            {
              "title": "should show an error page when epmty password and usename",
              "fullTitle": "Login Page Tests should show an error page when epmty password and usename",
              "timedOut": null,
              "duration": 2649,
              "state": "passed",
              "speed": "fast",
              "pass": true,
              "fail": false,
              "pending": false,
              "context": null,
              "code": "loginPage.loginEmpty();\nloginPage.verifyErrorMessage(\"Invalid username or password!\");\ncy.url().should(\"include\", \"\");",
              "err": {},
              "uuid": "c56f80d3-a5bd-4f4f-9064-6e93c232fc69",
              "parentUUID": "b6de40bf-73b8-40bb-ad80-7f54da662f6f",
              "isHook": false,
              "skipped": false
            }
          ],
          "suites": [],
          "passes": [
            "4fd38902-29f8-4c73-bfbf-dc2ccab0447a",
            "14996bc0-8992-4840-8117-688668be2788",
            "c56f80d3-a5bd-4f4f-9064-6e93c232fc69"
          ],
          "failures": [],
          "pending": [],
          "skipped": [],
          "duration": 14920,
          "root": false,
          "rootEmpty": false,
          "_timeout": 2000
        }
      ],
      "passes": [],
      "failures": [],
      "pending": [],
      "skipped": [],
      "duration": 0,
      "root": true,
      "rootEmpty": true,
      "_timeout": 2000
    }
  ],
  "meta": {
    "mocha": {
      "version": "7.0.1"
    },
    "mochawesome": {
      "options": {
        "quiet": false,
        "reportFilename": "mochawesome",
        "saveHtml": true,
        "saveJson": true,
        "consoleReporter": "spec",
        "useInlineDiffs": false,
        "code": true
      },
      "version": "7.1.3"
    },
    "marge": {
      "options": {
        "reportDir": "cypress/reports",
        "overwrite": false,
        "html": true,
        "json": true,
        "timestamp": "mmddyyyy_HHMMss",
        "embeddedScreenshots": true,
        "setupNodeEvents": "[Function setupNodeEvents]",
        "defaultCommandTimeout": 20000,
        "requestTimeout": 30000,
        "pageLoadTimeout": 60000
      },
      "version": "6.2.0"
    }
  }
}